<?xml version="1.0" encoding="UTF-8"?>
<testsuite name="org.hyperskill.simplebankmanager.Stage3UnitTest" tests="12" skipped="0" failures="0" errors="0" timestamp="2024-12-20T20:00:47" hostname="MacBook-Air-Wioleta.local" time="4.784">
  <properties/>
  <testcase name="test00_checkNavigationOnViewBalanceButtonClick" classname="org.hyperskill.simplebankmanager.Stage3UnitTest" time="3.494"/>
  <testcase name="test01_checkViewBalanceDefaultValues" classname="org.hyperskill.simplebankmanager.Stage3UnitTest" time="0.141"/>
  <testcase name="test02_checkViewBalanceCustomValues" classname="org.hyperskill.simplebankmanager.Stage3UnitTest" time="0.09"/>
  <testcase name="test03_checkNavigationOnTransferFundsClick" classname="org.hyperskill.simplebankmanager.Stage3UnitTest" time="0.111"/>
  <testcase name="test04_checkEmptyAmountTransferError" classname="org.hyperskill.simplebankmanager.Stage3UnitTest" time="0.125"/>
  <testcase name="test05_checkZeroAmountTransferError" classname="org.hyperskill.simplebankmanager.Stage3UnitTest" time="0.084"/>
  <testcase name="test06_checkEmptyAccountTransferError" classname="org.hyperskill.simplebankmanager.Stage3UnitTest" time="0.1"/>
  <testcase name="test07_checkIncorrectAccountTransferError" classname="org.hyperskill.simplebankmanager.Stage3UnitTest" time="0.2"/>
  <testcase name="test08_checkInsufficientFundsToastWithDefaultBalance" classname="org.hyperskill.simplebankmanager.Stage3UnitTest" time="0.134"/>
  <testcase name="test09_checkInsufficientFundsToastWithCustomBalance" classname="org.hyperskill.simplebankmanager.Stage3UnitTest" time="0.096"/>
  <testcase name="test10_checkSuccessfulTransferToastMessageAndReturnToUserMenu" classname="org.hyperskill.simplebankmanager.Stage3UnitTest" time="0.103"/>
  <testcase name="test11_checkUnsuccessfulTransferAfterSuccessfulTransfer" classname="org.hyperskill.simplebankmanager.Stage3UnitTest" time="0.105"/>
  <system-out><![CDATA[]]></system-out>
  <system-err><![CDATA[]]></system-err>
</testsuite>
