<?xml version="1.0" encoding="UTF-8"?>
<testsuite name="org.hyperskill.simplebankmanager.Stage4UnitTest" tests="9" skipped="0" failures="0" errors="0" timestamp="2024-12-27T14:01:11" hostname="MacBook-Air-Wioleta.local" time="1.012">
  <properties/>
  <testcase name="test00_checkNavigationOnCalculateExchange" classname="org.hyperskill.simplebankmanager.Stage4UnitTest" time="0.163"/>
  <testcase name="test01_convertEURtoGBP" classname="org.hyperskill.simplebankmanager.Stage4UnitTest" time="0.097"/>
  <testcase name="test02_convertUSDtoEUR" classname="org.hyperskill.simplebankmanager.Stage4UnitTest" time="0.089"/>
  <testcase name="test03_convertGBPtoEUR" classname="org.hyperskill.simplebankmanager.Stage4UnitTest" time="0.087"/>
  <testcase name="test04_CheckForErrorSameCurrenciesSelected" classname="org.hyperskill.simplebankmanager.Stage4UnitTest" time="0.092"/>
  <testcase name="test05_CheckForErrorEmptyAmount" classname="org.hyperskill.simplebankmanager.Stage4UnitTest" time="0.126"/>
  <testcase name="test06_CheckIfSameCurrencyCanBeSelected" classname="org.hyperskill.simplebankmanager.Stage4UnitTest" time="0.08"/>
  <testcase name="test07_convertAllDefaultMap" classname="org.hyperskill.simplebankmanager.Stage4UnitTest" time="0.147"/>
  <testcase name="test08_convertAllCustomMap" classname="org.hyperskill.simplebankmanager.Stage4UnitTest" time="0.13"/>
  <system-out><![CDATA[]]></system-out>
  <system-err><![CDATA[]]></system-err>
</testsuite>
