<?xml version="1.0" encoding="UTF-8"?>
<testsuite name="org.hyperskill.simplebankmanager.Stage4UnitTest" tests="9" skipped="0" failures="0" errors="0" timestamp="2024-12-27T10:05:04" hostname="MacBook-Air-Wioleta.local" time="5.191">
  <properties/>
  <testcase name="test00_checkNavigationOnCalculateExchange" classname="org.hyperskill.simplebankmanager.Stage4UnitTest" time="3.844"/>
  <testcase name="test01_convertEURtoGBP" classname="org.hyperskill.simplebankmanager.Stage4UnitTest" time="0.156"/>
  <testcase name="test02_convertUSDtoEUR" classname="org.hyperskill.simplebankmanager.Stage4UnitTest" time="0.148"/>
  <testcase name="test03_convertGBPtoEUR" classname="org.hyperskill.simplebankmanager.Stage4UnitTest" time="0.154"/>
  <testcase name="test04_CheckForErrorSameCurrenciesSelected" classname="org.hyperskill.simplebankmanager.Stage4UnitTest" time="0.118"/>
  <testcase name="test05_CheckForErrorEmptyAmount" classname="org.hyperskill.simplebankmanager.Stage4UnitTest" time="0.199"/>
  <testcase name="test06_CheckIfSameCurrencyCanBeSelected" classname="org.hyperskill.simplebankmanager.Stage4UnitTest" time="0.103"/>
  <testcase name="test07_convertAllDefaultMap" classname="org.hyperskill.simplebankmanager.Stage4UnitTest" time="0.174"/>
  <testcase name="test08_convertAllCustomMap" classname="org.hyperskill.simplebankmanager.Stage4UnitTest" time="0.294"/>
  <system-out><![CDATA[]]></system-out>
  <system-err><![CDATA[]]></system-err>
</testsuite>
