<?xml version="1.0" encoding="UTF-8"?>
<testsuite name="org.hyperskill.simplebankmanager.Stage3UnitTest" tests="12" skipped="0" failures="0" errors="0" timestamp="2024-12-27T14:01:10" hostname="MacBook-Air-Wioleta.local" time="1.055">
  <properties/>
  <testcase name="test00_checkNavigationOnViewBalanceButtonClick" classname="org.hyperskill.simplebankmanager.Stage3UnitTest" time="0.088"/>
  <testcase name="test01_checkViewBalanceDefaultValues" classname="org.hyperskill.simplebankmanager.Stage3UnitTest" time="0.07"/>
  <testcase name="test02_checkViewBalanceCustomValues" classname="org.hyperskill.simplebankmanager.Stage3UnitTest" time="0.051"/>
  <testcase name="test03_checkNavigationOnTransferFundsClick" classname="org.hyperskill.simplebankmanager.Stage3UnitTest" time="0.08"/>
  <testcase name="test04_checkEmptyAmountTransferError" classname="org.hyperskill.simplebankmanager.Stage3UnitTest" time="0.076"/>
  <testcase name="test05_checkZeroAmountTransferError" classname="org.hyperskill.simplebankmanager.Stage3UnitTest" time="0.078"/>
  <testcase name="test06_checkEmptyAccountTransferError" classname="org.hyperskill.simplebankmanager.Stage3UnitTest" time="0.084"/>
  <testcase name="test07_checkIncorrectAccountTransferError" classname="org.hyperskill.simplebankmanager.Stage3UnitTest" time="0.162"/>
  <testcase name="test08_checkInsufficientFundsToastWithDefaultBalance" classname="org.hyperskill.simplebankmanager.Stage3UnitTest" time="0.105"/>
  <testcase name="test09_checkInsufficientFundsToastWithCustomBalance" classname="org.hyperskill.simplebankmanager.Stage3UnitTest" time="0.093"/>
  <testcase name="test10_checkSuccessfulTransferToastMessageAndReturnToUserMenu" classname="org.hyperskill.simplebankmanager.Stage3UnitTest" time="0.072"/>
  <testcase name="test11_checkUnsuccessfulTransferAfterSuccessfulTransfer" classname="org.hyperskill.simplebankmanager.Stage3UnitTest" time="0.094"/>
  <system-out><![CDATA[]]></system-out>
  <system-err><![CDATA[]]></system-err>
</testsuite>
