<?xml version="1.0" encoding="UTF-8"?>
<testsuite name="org.hyperskill.simplebankmanager.Stage1UnitTest" tests="7" skipped="0" failures="0" errors="0" timestamp="2024-12-20T18:10:10" hostname="MacBook-Air-Wioleta.local" time="0.406">
  <properties/>
  <testcase name="test00_checkLoginFragmentHasViews" classname="org.hyperskill.simplebankmanager.Stage1UnitTest" time="0.042"/>
  <testcase name="test01_checkLoginWithDefaultValuesSucceed" classname="org.hyperskill.simplebankmanager.Stage1UnitTest" time="0.066"/>
  <testcase name="test02_checkLoginWithDefaultValuesFailWithWrongName" classname="org.hyperskill.simplebankmanager.Stage1UnitTest" time="0.064"/>
  <testcase name="test03_checkLoginWithDefaultValuesFailWithWrongPass" classname="org.hyperskill.simplebankmanager.Stage1UnitTest" time="0.06"/>
  <testcase name="test04_checkLoginWithCustomValuesSucceed" classname="org.hyperskill.simplebankmanager.Stage1UnitTest" time="0.06"/>
  <testcase name="test05_checkLoginWithCustomValuesFailWithWrongName" classname="org.hyperskill.simplebankmanager.Stage1UnitTest" time="0.055"/>
  <testcase name="test06_checkLoginWithCustomValuesFailWithWrongPass" classname="org.hyperskill.simplebankmanager.Stage1UnitTest" time="0.058"/>
  <system-out><![CDATA[]]></system-out>
  <system-err><![CDATA[]]></system-err>
</testsuite>
